2015-07-20 15:55:58 INFO  AveragePointsPerInstance:89 - Proccesing class http://www.openlinksw.com/schemas/virtrdf#QuadMapFormat with list
2015-07-20 15:56:18 INFO  AveragePointsPerInstance:109 - Proccesing class http://www.openlinksw.com/schemas/virtrdf#QuadMapFormat with geometry
2015-07-20 15:56:18 INFO  AveragePointsPerInstance:89 - Proccesing class http://www.openlinksw.com/schemas/virtrdf#QuadStorage with list
2015-07-20 15:56:18 INFO  AveragePointsPerInstance:109 - Proccesing class http://www.openlinksw.com/schemas/virtrdf#QuadStorage with geometry
2015-07-20 15:56:18 INFO  AveragePointsPerInstance:89 - Proccesing class http://www.openlinksw.com/schemas/virtrdf#array-of-QuadMap with list
2015-07-20 15:56:18 INFO  AveragePointsPerInstance:109 - Proccesing class http://www.openlinksw.com/schemas/virtrdf#array-of-QuadMap with geometry
2015-07-20 15:56:19 INFO  AveragePointsPerInstance:89 - Proccesing class http://www.openlinksw.com/schemas/virtrdf#QuadMap with list
2015-07-20 15:56:19 INFO  AveragePointsPerInstance:109 - Proccesing class http://www.openlinksw.com/schemas/virtrdf#QuadMap with geometry
2015-07-20 15:56:19 INFO  AveragePointsPerInstance:89 - Proccesing class http://www.openlinksw.com/schemas/virtrdf#array-of-QuadMapFormat with list
2015-07-20 15:56:19 INFO  AveragePointsPerInstance:109 - Proccesing class http://www.openlinksw.com/schemas/virtrdf#array-of-QuadMapFormat with geometry
2015-07-20 15:56:19 INFO  AveragePointsPerInstance:89 - Proccesing class http://www.openlinksw.com/schemas/virtrdf#QuadMapValue with list
2015-07-20 15:56:19 INFO  AveragePointsPerInstance:109 - Proccesing class http://www.openlinksw.com/schemas/virtrdf#QuadMapValue with geometry
2015-07-20 15:56:19 INFO  AveragePointsPerInstance:89 - Proccesing class http://www.openlinksw.com/schemas/virtrdf#array-of-QuadMapATable with list
2015-07-20 15:56:19 INFO  AveragePointsPerInstance:109 - Proccesing class http://www.openlinksw.com/schemas/virtrdf#array-of-QuadMapATable with geometry
2015-07-20 15:56:19 INFO  AveragePointsPerInstance:89 - Proccesing class http://www.openlinksw.com/schemas/virtrdf#array-of-QuadMapColumn with list
2015-07-20 15:56:19 INFO  AveragePointsPerInstance:109 - Proccesing class http://www.openlinksw.com/schemas/virtrdf#array-of-QuadMapColumn with geometry
2015-07-20 15:56:19 INFO  AveragePointsPerInstance:89 - Proccesing class http://www.openlinksw.com/schemas/virtrdf#QuadMapColumn with list
2015-07-20 15:56:19 INFO  AveragePointsPerInstance:109 - Proccesing class http://www.openlinksw.com/schemas/virtrdf#QuadMapColumn with geometry
2015-07-20 15:56:19 INFO  AveragePointsPerInstance:89 - Proccesing class http://www.openlinksw.com/schemas/virtrdf#QuadMapFText with list
2015-07-20 15:56:19 INFO  AveragePointsPerInstance:109 - Proccesing class http://www.openlinksw.com/schemas/virtrdf#QuadMapFText with geometry
2015-07-20 15:56:19 INFO  AveragePointsPerInstance:89 - Proccesing class http://www.openlinksw.com/schemas/virtrdf#QuadMapATable with list
2015-07-20 15:56:19 INFO  AveragePointsPerInstance:109 - Proccesing class http://www.openlinksw.com/schemas/virtrdf#QuadMapATable with geometry
2015-07-20 15:56:19 INFO  AveragePointsPerInstance:89 - Proccesing class http://www.openlinksw.com/schemas/virtrdf#array-of-string with list
2015-07-20 15:56:19 INFO  AveragePointsPerInstance:109 - Proccesing class http://www.openlinksw.com/schemas/virtrdf#array-of-string with geometry
2015-07-20 15:56:19 INFO  AveragePointsPerInstance:89 - Proccesing class http://www.w3.org/1999/02/22-rdf-syntax-ns#Property with list
2015-07-20 15:56:19 INFO  AveragePointsPerInstance:109 - Proccesing class http://www.w3.org/1999/02/22-rdf-syntax-ns#Property with geometry
2015-07-20 15:56:19 INFO  AveragePointsPerInstance:89 - Proccesing class http://www.w3.org/2000/01/rdf-schema#Class with list
2015-07-20 15:56:19 INFO  AveragePointsPerInstance:109 - Proccesing class http://www.w3.org/2000/01/rdf-schema#Class with geometry
2015-07-20 15:56:19 INFO  AveragePointsPerInstance:89 - Proccesing class http://www.w3.org/ns/sparql-service-description#Service with list
2015-07-20 15:56:19 INFO  AveragePointsPerInstance:109 - Proccesing class http://www.w3.org/ns/sparql-service-description#Service with geometry
2015-07-20 15:56:19 INFO  AveragePointsPerInstance:89 - Proccesing class http://www.w3.org/2002/07/owl#AnnotationProperty with list
2015-07-20 15:56:19 INFO  AveragePointsPerInstance:109 - Proccesing class http://www.w3.org/2002/07/owl#AnnotationProperty with geometry
2015-07-20 15:56:19 INFO  AveragePointsPerInstance:89 - Proccesing class http://www.w3.org/2002/07/owl#Class with list
2015-07-20 15:56:19 INFO  AveragePointsPerInstance:109 - Proccesing class http://www.w3.org/2002/07/owl#Class with geometry
2015-07-20 15:56:19 INFO  AveragePointsPerInstance:89 - Proccesing class http://www.w3.org/2002/07/owl#Ontology with list
2015-07-20 15:56:19 INFO  AveragePointsPerInstance:109 - Proccesing class http://www.w3.org/2002/07/owl#Ontology with geometry
2015-07-20 15:56:19 INFO  AveragePointsPerInstance:89 - Proccesing class http://www.w3.org/2002/07/owl#OntologyProperty with list
2015-07-20 15:56:19 INFO  AveragePointsPerInstance:109 - Proccesing class http://www.w3.org/2002/07/owl#OntologyProperty with geometry
2015-07-20 15:56:19 INFO  AveragePointsPerInstance:89 - Proccesing class http://www.w3.org/2002/07/owl#ObjectProperty with list
2015-07-20 15:56:19 INFO  AveragePointsPerInstance:109 - Proccesing class http://www.w3.org/2002/07/owl#ObjectProperty with geometry
2015-07-20 15:56:19 INFO  AveragePointsPerInstance:89 - Proccesing class http://www.w3.org/2002/07/owl#NamedIndividual with list
2015-07-20 15:56:19 INFO  AveragePointsPerInstance:109 - Proccesing class http://www.w3.org/2002/07/owl#NamedIndividual with geometry
2015-07-20 15:56:19 INFO  AveragePointsPerInstance:89 - Proccesing class http://ontology.unister.de/ontology#Feature with list
2015-07-20 15:56:19 INFO  AveragePointsPerInstance:109 - Proccesing class http://ontology.unister.de/ontology#Feature with geometry
2015-07-20 15:56:19 INFO  AveragePointsPerInstance:89 - Proccesing class http://umbel.org/umbel#RefConcept with list
2015-07-20 15:56:19 INFO  AveragePointsPerInstance:109 - Proccesing class http://umbel.org/umbel#RefConcept with geometry
2015-07-20 15:56:19 INFO  AveragePointsPerInstance:89 - Proccesing class http://www.w3.org/2004/02/skos/core#Concept with list
2015-07-20 15:56:19 INFO  AveragePointsPerInstance:109 - Proccesing class http://www.w3.org/2004/02/skos/core#Concept with geometry
2015-07-20 15:56:19 INFO  AveragePointsPerInstance:89 - Proccesing class http://www.w3.org/2002/07/owl#DatatypeProperty with list
2015-07-20 15:56:19 INFO  AveragePointsPerInstance:109 - Proccesing class http://www.w3.org/2002/07/owl#DatatypeProperty with geometry
2015-07-20 15:56:19 INFO  AveragePointsPerInstance:89 - Proccesing class http://www.w3.org/2002/07/owl#FunctionalProperty with list
2015-07-20 15:56:19 INFO  AveragePointsPerInstance:109 - Proccesing class http://www.w3.org/2002/07/owl#FunctionalProperty with geometry
2015-07-20 15:56:19 INFO  AveragePointsPerInstance:89 - Proccesing class http://www.w3.org/2002/07/owl#TransitiveProperty with list
2015-07-20 15:56:19 INFO  AveragePointsPerInstance:109 - Proccesing class http://www.w3.org/2002/07/owl#TransitiveProperty with geometry
2015-07-20 15:56:19 INFO  AveragePointsPerInstance:89 - Proccesing class http://www.w3.org/2003/01/geo/wgs84_pos#SpatialThing with list
2015-07-20 15:56:19 INFO  AveragePointsPerInstance:109 - Proccesing class http://www.w3.org/2003/01/geo/wgs84_pos#SpatialThing with geometry
2015-07-20 15:56:19 INFO  AveragePointsPerInstance:89 - Proccesing class http://ontology.unister.de/ontology#Country with list
2015-07-20 15:56:19 INFO  AveragePointsPerInstance:109 - Proccesing class http://ontology.unister.de/ontology#Country with geometry
2015-07-20 15:56:19 INFO  AveragePointsPerInstance:89 - Proccesing class http://ontology.unister.de/ontology#ExtendedPlace with list
2015-07-20 15:56:19 INFO  AveragePointsPerInstance:109 - Proccesing class http://ontology.unister.de/ontology#ExtendedPlace with geometry
2015-07-20 15:56:19 INFO  AveragePointsPerInstance:89 - Proccesing class http://ontology.unister.de/ontology#Place with list
2015-07-20 15:56:19 INFO  AveragePointsPerInstance:109 - Proccesing class http://ontology.unister.de/ontology#Place with geometry
2015-07-20 15:56:19 INFO  AveragePointsPerInstance:89 - Proccesing class http://ontology.unister.de/ontology#PopulatedPlace with list
2015-07-20 15:56:19 INFO  AveragePointsPerInstance:109 - Proccesing class http://ontology.unister.de/ontology#PopulatedPlace with geometry
2015-07-20 15:56:19 INFO  AveragePointsPerInstance:89 - Proccesing class http://ontology.unister.de/ontology#AdministrativeDivision with list
2015-07-20 15:56:19 INFO  AveragePointsPerInstance:109 - Proccesing class http://ontology.unister.de/ontology#AdministrativeDivision with geometry
2015-07-20 15:56:19 INFO  AveragePointsPerInstance:89 - Proccesing class http://ontology.unister.de/ontology#City with list
2015-07-20 15:56:19 INFO  AveragePointsPerInstance:109 - Proccesing class http://ontology.unister.de/ontology#City with geometry
2015-07-20 15:56:19 INFO  AveragePointsPerInstance:89 - Proccesing class http://ontology.unister.de/ontology#Island with list
2015-07-20 15:56:19 INFO  AveragePointsPerInstance:109 - Proccesing class http://ontology.unister.de/ontology#Island with geometry
2015-07-20 15:56:19 INFO  AveragePointsPerInstance:89 - Proccesing class http://ontology.unister.de/ontology#Archipelago with list
2015-07-20 15:56:19 INFO  AveragePointsPerInstance:109 - Proccesing class http://ontology.unister.de/ontology#Archipelago with geometry
2015-07-20 15:56:19 INFO  AveragePointsPerInstance:89 - Proccesing class http://ontology.unister.de/ontology#NaturalRegion with list
2015-07-20 15:56:19 INFO  AveragePointsPerInstance:109 - Proccesing class http://ontology.unister.de/ontology#NaturalRegion with geometry
2015-07-20 15:56:19 INFO  AveragePointsPerInstance:89 - Proccesing class http://ontology.unister.de/ontology#Region with list
2015-07-20 15:56:19 INFO  AveragePointsPerInstance:109 - Proccesing class http://ontology.unister.de/ontology#Region with geometry
2015-07-20 15:56:19 INFO  AveragePointsPerInstance:89 - Proccesing class http://ontology.unister.de/ontology#Mountain with list
2015-07-20 15:56:19 INFO  AveragePointsPerInstance:109 - Proccesing class http://ontology.unister.de/ontology#Mountain with geometry
2015-07-20 15:56:19 INFO  AveragePointsPerInstance:89 - Proccesing class http://ontology.unister.de/ontology#NaturalElevation with list
2015-07-20 15:56:19 INFO  AveragePointsPerInstance:109 - Proccesing class http://ontology.unister.de/ontology#NaturalElevation with geometry
2015-07-20 15:56:19 INFO  AveragePointsPerInstance:89 - Proccesing class http://ontology.unister.de/ontology#Volcano with list
2015-07-20 15:56:19 INFO  AveragePointsPerInstance:109 - Proccesing class http://ontology.unister.de/ontology#Volcano with geometry
2015-07-20 15:56:19 INFO  AveragePointsPerInstance:89 - Proccesing class http://ontology.unister.de/ontology#Building with list
2015-07-20 15:56:19 INFO  AveragePointsPerInstance:109 - Proccesing class http://ontology.unister.de/ontology#Building with geometry
2015-07-20 15:56:19 INFO  AveragePointsPerInstance:89 - Proccesing class http://ontology.unister.de/ontology#Hospital with list
2015-07-20 15:56:19 INFO  AveragePointsPerInstance:109 - Proccesing class http://ontology.unister.de/ontology#Hospital with geometry
2015-07-20 15:56:19 INFO  AveragePointsPerInstance:89 - Proccesing class http://ontology.unister.de/ontology#Poi with list
2015-07-20 15:56:19 INFO  AveragePointsPerInstance:109 - Proccesing class http://ontology.unister.de/ontology#Poi with geometry
2015-07-20 15:56:19 INFO  AveragePointsPerInstance:89 - Proccesing class http://ontology.unister.de/ontology#UnextendedPlace with list
2015-07-20 15:56:19 INFO  AveragePointsPerInstance:109 - Proccesing class http://ontology.unister.de/ontology#UnextendedPlace with geometry
2015-07-20 15:56:19 INFO  AveragePointsPerInstance:89 - Proccesing class http://ontology.unister.de/ontology#TrainStation with list
2015-07-20 15:56:19 INFO  AveragePointsPerInstance:109 - Proccesing class http://ontology.unister.de/ontology#TrainStation with geometry
2015-07-20 15:56:19 INFO  AveragePointsPerInstance:89 - Proccesing class http://ontology.unister.de/ontology#Airport with list
2015-07-20 15:56:19 INFO  AveragePointsPerInstance:109 - Proccesing class http://ontology.unister.de/ontology#Airport with geometry
2015-07-20 15:56:19 INFO  AveragePointsPerInstance:89 - Proccesing class http://ontology.unister.de/ontology#Museum with list
2015-07-20 15:56:19 INFO  AveragePointsPerInstance:109 - Proccesing class http://ontology.unister.de/ontology#Museum with geometry
2015-07-20 15:56:19 INFO  AveragePointsPerInstance:89 - Proccesing class http://ontology.unister.de/ontology#TouristAttraction with list
2015-07-20 15:56:19 INFO  AveragePointsPerInstance:109 - Proccesing class http://ontology.unister.de/ontology#TouristAttraction with geometry
2015-07-20 15:56:19 INFO  AveragePointsPerInstance:89 - Proccesing class http://ontology.unister.de/ontology#Beach with list
2015-07-20 15:56:19 INFO  AveragePointsPerInstance:109 - Proccesing class http://ontology.unister.de/ontology#Beach with geometry
2015-07-20 15:56:19 INFO  AveragePointsPerInstance:89 - Proccesing class http://ontology.unister.de/ontology#CoastalLandform with list
2015-07-20 15:56:19 INFO  AveragePointsPerInstance:109 - Proccesing class http://ontology.unister.de/ontology#CoastalLandform with geometry
2015-07-20 15:56:19 INFO  AveragePointsPerInstance:89 - Proccesing class http://ontology.unister.de/ontology#Lake with list
2015-07-20 15:56:19 INFO  AveragePointsPerInstance:109 - Proccesing class http://ontology.unister.de/ontology#Lake with geometry
2015-07-20 15:56:19 INFO  AveragePointsPerInstance:89 - Proccesing class http://ontology.unister.de/ontology#BodyOfWater with list
2015-07-20 15:56:19 INFO  AveragePointsPerInstance:109 - Proccesing class http://ontology.unister.de/ontology#BodyOfWater with geometry
2015-07-20 15:56:19 INFO  AveragePointsPerInstance:89 - Proccesing class http://ontology.unister.de/ontology#NaturalDepression with list
2015-07-20 15:56:19 INFO  AveragePointsPerInstance:109 - Proccesing class http://ontology.unister.de/ontology#NaturalDepression with geometry
2015-07-20 15:56:19 INFO  AveragePointsPerInstance:89 - Proccesing class http://ontology.unister.de/ontology#Valley with list
2015-07-20 15:56:19 INFO  AveragePointsPerInstance:109 - Proccesing class http://ontology.unister.de/ontology#Valley with geometry
2015-07-20 15:56:19 INFO  AveragePointsPerInstance:89 - Proccesing class http://ontology.unister.de/ontology#Theater with list
2015-07-20 15:56:19 INFO  AveragePointsPerInstance:109 - Proccesing class http://ontology.unister.de/ontology#Theater with geometry
2015-07-20 15:56:19 INFO  AveragePointsPerInstance:89 - Proccesing class http://ontology.unister.de/ontology#Castle with list
2015-07-20 15:56:19 INFO  AveragePointsPerInstance:109 - Proccesing class http://ontology.unister.de/ontology#Castle with geometry
2015-07-20 15:56:19 INFO  AveragePointsPerInstance:89 - Proccesing class http://ontology.unister.de/ontology#Palace with list
2015-07-20 15:56:19 INFO  AveragePointsPerInstance:109 - Proccesing class http://ontology.unister.de/ontology#Palace with geometry
2015-07-20 15:56:19 INFO  AveragePointsPerInstance:89 - Proccesing class http://ontology.unister.de/ontology#Peninsula with list
2015-07-20 15:56:19 INFO  AveragePointsPerInstance:109 - Proccesing class http://ontology.unister.de/ontology#Peninsula with geometry
2015-07-20 15:56:19 INFO  AveragePointsPerInstance:89 - Proccesing class http://ontology.unister.de/ontology#Lighthouse with list
2015-07-20 15:56:19 INFO  AveragePointsPerInstance:109 - Proccesing class http://ontology.unister.de/ontology#Lighthouse with geometry
2015-07-20 15:56:19 INFO  AveragePointsPerInstance:89 - Proccesing class http://ontology.unister.de/ontology#MainStation with list
2015-07-20 15:56:19 INFO  AveragePointsPerInstance:109 - Proccesing class http://ontology.unister.de/ontology#MainStation with geometry
2015-07-20 15:56:19 INFO  AveragePointsPerInstance:89 - Proccesing class http://ontology.unister.de/ontology#SportVenue with list
2015-07-20 15:56:19 INFO  AveragePointsPerInstance:109 - Proccesing class http://ontology.unister.de/ontology#SportVenue with geometry
2015-07-20 15:56:19 INFO  AveragePointsPerInstance:89 - Proccesing class http://ontology.unister.de/ontology#Stadium with list
2015-07-20 15:56:19 INFO  AveragePointsPerInstance:109 - Proccesing class http://ontology.unister.de/ontology#Stadium with geometry
2015-07-20 15:56:19 INFO  AveragePointsPerInstance:89 - Proccesing class http://ontology.unister.de/ontology#Park with list
2015-07-20 15:56:19 INFO  AveragePointsPerInstance:109 - Proccesing class http://ontology.unister.de/ontology#Park with geometry
2015-07-20 15:56:19 INFO  AveragePointsPerInstance:89 - Proccesing class http://ontology.unister.de/ontology#GolfCourse with list
2015-07-20 15:56:19 INFO  AveragePointsPerInstance:109 - Proccesing class http://ontology.unister.de/ontology#GolfCourse with geometry
2015-07-20 15:56:19 INFO  AveragePointsPerInstance:89 - Proccesing class http://ontology.unister.de/ontology#Glacier with list
2015-07-20 15:56:19 INFO  AveragePointsPerInstance:109 - Proccesing class http://ontology.unister.de/ontology#Glacier with geometry
2015-07-20 15:56:20 INFO  AveragePointsPerInstance:89 - Proccesing class http://ontology.unister.de/ontology#Monastery with list
2015-07-20 15:56:20 INFO  AveragePointsPerInstance:109 - Proccesing class http://ontology.unister.de/ontology#Monastery with geometry
2015-07-20 15:56:20 INFO  AveragePointsPerInstance:89 - Proccesing class http://ontology.unister.de/ontology#Cape with list
2015-07-20 15:56:20 INFO  AveragePointsPerInstance:109 - Proccesing class http://ontology.unister.de/ontology#Cape with geometry
2015-07-20 15:56:20 INFO  AveragePointsPerInstance:89 - Proccesing class http://ontology.unister.de/ontology#Monument with list
2015-07-20 15:56:20 INFO  AveragePointsPerInstance:109 - Proccesing class http://ontology.unister.de/ontology#Monument with geometry
2015-07-20 15:56:20 INFO  AveragePointsPerInstance:89 - Proccesing class http://ontology.unister.de/ontology#Harbour with list
2015-07-20 15:56:20 INFO  AveragePointsPerInstance:109 - Proccesing class http://ontology.unister.de/ontology#Harbour with geometry
2015-07-20 15:56:20 INFO  AveragePointsPerInstance:89 - Proccesing class http://ontology.unister.de/ontology#River with list
2015-07-20 15:56:20 INFO  AveragePointsPerInstance:109 - Proccesing class http://ontology.unister.de/ontology#River with geometry
2015-07-20 15:56:20 INFO  AveragePointsPerInstance:89 - Proccesing class http://ontology.unister.de/ontology#Continent with list
2015-07-20 15:56:20 INFO  AveragePointsPerInstance:109 - Proccesing class http://ontology.unister.de/ontology#Continent with geometry
2015-07-20 15:56:20 INFO  AveragePointsPerInstance:89 - Proccesing class http://ontology.unister.de/ontology#MountainRange with list
2015-07-20 15:56:20 INFO  AveragePointsPerInstance:109 - Proccesing class http://ontology.unister.de/ontology#MountainRange with geometry
2015-07-20 15:56:20 INFO  AveragePointsPerInstance:89 - Proccesing class http://ontology.unister.de/ontology#Ridge with list
2015-07-20 15:56:20 INFO  AveragePointsPerInstance:109 - Proccesing class http://ontology.unister.de/ontology#Ridge with geometry
2015-07-20 15:56:20 INFO  AveragePointsPerInstance:89 - Proccesing class http://ontology.unister.de/ontology#Dam with list
2015-07-20 15:56:20 INFO  AveragePointsPerInstance:109 - Proccesing class http://ontology.unister.de/ontology#Dam with geometry
2015-07-20 15:56:20 INFO  AveragePointsPerInstance:89 - Proccesing class urn:hotelscombined-type#City with list
2015-07-20 15:56:20 INFO  AveragePointsPerInstance:109 - Proccesing class urn:hotelscombined-type#City with geometry
2015-07-20 15:56:20 INFO  AveragePointsPerInstance:89 - Proccesing class http://ontology.unister.de/ontology#Restaurant with list
2015-07-20 15:56:20 INFO  AveragePointsPerInstance:109 - Proccesing class http://ontology.unister.de/ontology#Restaurant with geometry
2015-07-20 15:56:20 INFO  AveragePointsPerInstance:89 - Proccesing class http://ontology.unister.de/ontology#Library with list
2015-07-20 15:56:20 INFO  AveragePointsPerInstance:109 - Proccesing class http://ontology.unister.de/ontology#Library with geometry
2015-07-20 15:56:20 INFO  AveragePointsPerInstance:89 - Proccesing class http://ontology.unister.de/ontology#Zoo with list
2015-07-20 15:56:20 INFO  AveragePointsPerInstance:109 - Proccesing class http://ontology.unister.de/ontology#Zoo with geometry
2015-07-20 15:56:20 INFO  AveragePointsPerInstance:89 - Proccesing class http://ontology.unister.de/ontology#Garden with list
2015-07-20 15:56:20 INFO  AveragePointsPerInstance:109 - Proccesing class http://ontology.unister.de/ontology#Garden with geometry
2015-07-20 15:56:20 INFO  AveragePointsPerInstance:89 - Proccesing class http://ontology.unister.de/ontology#Mall with list
2015-07-20 15:56:20 INFO  AveragePointsPerInstance:109 - Proccesing class http://ontology.unister.de/ontology#Mall with geometry
2015-07-20 15:56:20 INFO  AveragePointsPerInstance:89 - Proccesing class http://ontology.unister.de/ontology#Bridge with list
2015-07-20 15:56:20 INFO  AveragePointsPerInstance:109 - Proccesing class http://ontology.unister.de/ontology#Bridge with geometry
2015-07-20 15:56:20 INFO  AveragePointsPerInstance:89 - Proccesing class http://ontology.unister.de/ontology#University with list
2015-07-20 15:56:20 INFO  AveragePointsPerInstance:109 - Proccesing class http://ontology.unister.de/ontology#University with geometry
2015-07-20 15:56:20 INFO  AveragePointsPerInstance:89 - Proccesing class http://ontology.unister.de/ontology#Tunnel with list
2015-07-20 15:56:20 INFO  AveragePointsPerInstance:109 - Proccesing class http://ontology.unister.de/ontology#Tunnel with geometry
2015-07-20 15:56:20 INFO  AveragePointsPerInstance:89 - Proccesing class http://ontology.unister.de/ontology#Sea with list
2015-07-20 15:56:20 INFO  AveragePointsPerInstance:109 - Proccesing class http://ontology.unister.de/ontology#Sea with geometry
2015-07-20 15:56:20 INFO  AveragePointsPerInstance:89 - Proccesing class http://ontology.unister.de/ontology#Cave with list
2015-07-20 15:56:20 INFO  AveragePointsPerInstance:109 - Proccesing class http://ontology.unister.de/ontology#Cave with geometry
2015-07-20 15:56:20 INFO  AveragePointsPerInstance:89 - Proccesing class http://ontology.unister.de/ontology#Windmill with list
2015-07-20 15:56:20 INFO  AveragePointsPerInstance:109 - Proccesing class http://ontology.unister.de/ontology#Windmill with geometry
2015-07-20 15:56:20 INFO  AveragePointsPerInstance:89 - Proccesing class http://ontology.unister.de/ontology#Bay with list
2015-07-20 15:56:20 INFO  AveragePointsPerInstance:109 - Proccesing class http://ontology.unister.de/ontology#Bay with geometry
2015-07-20 15:56:20 INFO  AveragePointsPerInstance:89 - Proccesing class http://ontology.unister.de/ontology#Gulf with list
2015-07-20 15:56:20 INFO  AveragePointsPerInstance:109 - Proccesing class http://ontology.unister.de/ontology#Gulf with geometry
2015-07-20 15:56:20 INFO  AveragePointsPerInstance:89 - Proccesing class http://ontology.unister.de/ontology#Fjord with list
2015-07-20 15:56:20 INFO  AveragePointsPerInstance:109 - Proccesing class http://ontology.unister.de/ontology#Fjord with geometry
2015-07-20 15:56:20 INFO  AveragePointsPerInstance:89 - Proccesing class http://ontology.unister.de/resource/Beach with list
2015-07-20 15:56:20 INFO  AveragePointsPerInstance:109 - Proccesing class http://ontology.unister.de/resource/Beach with geometry
2015-07-20 15:56:20 INFO  AveragePointsPerInstance:89 - Proccesing class http://ontology.unister.de/ontology#Hotel with list
2015-07-20 15:56:20 INFO  AveragePointsPerInstance:109 - Proccesing class http://ontology.unister.de/ontology#Hotel with geometry
2015-07-20 15:56:20 INFO  AveragePointsPerInstance:89 - Proccesing class http://ontology.unister.de/ontology#BusinessHotel with list
2015-07-20 15:56:20 INFO  AveragePointsPerInstance:109 - Proccesing class http://ontology.unister.de/ontology#BusinessHotel with geometry
2015-07-20 15:56:20 INFO  AveragePointsPerInstance:89 - Proccesing class http://ontology.unister.de/ontology#ConferenceHotel with list
2015-07-20 15:56:20 INFO  AveragePointsPerInstance:109 - Proccesing class http://ontology.unister.de/ontology#ConferenceHotel with geometry
2015-07-20 15:56:20 INFO  AveragePointsPerInstance:89 - Proccesing class http://ontology.unister.de/ontology#GolfHotel with list
2015-07-20 15:56:20 INFO  AveragePointsPerInstance:109 - Proccesing class http://ontology.unister.de/ontology#GolfHotel with geometry
2015-07-20 15:56:20 INFO  AveragePointsPerInstance:89 - Proccesing class http://ontology.unister.de/ontology#CasinoHotel with list
2015-07-20 15:56:20 INFO  AveragePointsPerInstance:109 - Proccesing class http://ontology.unister.de/ontology#CasinoHotel with geometry
2015-07-20 15:56:20 INFO  AveragePointsPerInstance:89 - Proccesing class http://www.w3.org/2002/07/owl#Restriction with list
2015-07-20 15:56:20 INFO  AveragePointsPerInstance:109 - Proccesing class http://www.w3.org/2002/07/owl#Restriction with geometry
2015-07-21 16:29:32 INFO  AveragePointsPerClass:89 - Proccesing class http://www.openlinksw.com/schemas/virtrdf#QuadMapFormat with list
2015-07-21 16:29:32 INFO  AveragePointsPerClass:109 - Proccesing class http://www.openlinksw.com/schemas/virtrdf#QuadMapFormat with geometry
2015-07-21 16:29:32 INFO  AveragePointsPerClass:89 - Proccesing class http://www.openlinksw.com/schemas/virtrdf#array-of-QuadMapFormat with list
2015-07-21 16:29:32 INFO  AveragePointsPerClass:109 - Proccesing class http://www.openlinksw.com/schemas/virtrdf#array-of-QuadMapFormat with geometry
2015-07-21 16:29:32 INFO  AveragePointsPerClass:89 - Proccesing class http://www.openlinksw.com/schemas/virtrdf#QuadMap with list
2015-07-21 16:29:32 INFO  AveragePointsPerClass:109 - Proccesing class http://www.openlinksw.com/schemas/virtrdf#QuadMap with geometry
2015-07-21 16:29:32 INFO  AveragePointsPerClass:89 - Proccesing class http://www.openlinksw.com/schemas/virtrdf#QuadMapValue with list
2015-07-21 16:29:32 INFO  AveragePointsPerClass:109 - Proccesing class http://www.openlinksw.com/schemas/virtrdf#QuadMapValue with geometry
2015-07-21 16:29:32 INFO  AveragePointsPerClass:89 - Proccesing class http://www.openlinksw.com/schemas/virtrdf#array-of-QuadMapColumn with list
2015-07-21 16:29:32 INFO  AveragePointsPerClass:109 - Proccesing class http://www.openlinksw.com/schemas/virtrdf#array-of-QuadMapColumn with geometry
2015-07-21 16:29:32 INFO  AveragePointsPerClass:89 - Proccesing class http://www.openlinksw.com/schemas/virtrdf#QuadMapColumn with list
2015-07-21 16:29:32 INFO  AveragePointsPerClass:109 - Proccesing class http://www.openlinksw.com/schemas/virtrdf#QuadMapColumn with geometry
2015-07-21 16:29:32 INFO  AveragePointsPerClass:89 - Proccesing class http://www.openlinksw.com/schemas/virtrdf#array-of-QuadMapATable with list
2015-07-21 16:29:32 INFO  AveragePointsPerClass:109 - Proccesing class http://www.openlinksw.com/schemas/virtrdf#array-of-QuadMapATable with geometry
2015-07-21 16:29:33 INFO  AveragePointsPerClass:89 - Proccesing class http://www.openlinksw.com/schemas/virtrdf#QuadMapATable with list
2015-07-21 16:29:33 INFO  AveragePointsPerClass:109 - Proccesing class http://www.openlinksw.com/schemas/virtrdf#QuadMapATable with geometry
2015-07-21 16:29:33 INFO  AveragePointsPerClass:89 - Proccesing class http://www.openlinksw.com/schemas/virtrdf#QuadMapFText with list
2015-07-21 16:29:33 INFO  AveragePointsPerClass:109 - Proccesing class http://www.openlinksw.com/schemas/virtrdf#QuadMapFText with geometry
2015-07-21 16:29:33 INFO  AveragePointsPerClass:89 - Proccesing class http://www.openlinksw.com/schemas/virtrdf#QuadStorage with list
2015-07-21 16:29:33 INFO  AveragePointsPerClass:109 - Proccesing class http://www.openlinksw.com/schemas/virtrdf#QuadStorage with geometry
2015-07-21 16:29:33 INFO  AveragePointsPerClass:89 - Proccesing class http://www.openlinksw.com/schemas/virtrdf#array-of-QuadMap with list
2015-07-21 16:29:33 INFO  AveragePointsPerClass:109 - Proccesing class http://www.openlinksw.com/schemas/virtrdf#array-of-QuadMap with geometry
2015-07-21 16:29:33 INFO  AveragePointsPerClass:89 - Proccesing class http://www.w3.org/2002/07/owl#Class with list
2015-07-21 16:29:33 INFO  AveragePointsPerClass:109 - Proccesing class http://www.w3.org/2002/07/owl#Class with geometry
2015-07-21 16:29:33 INFO  AveragePointsPerClass:89 - Proccesing class http://www.w3.org/2002/07/owl#Ontology with list
2015-07-21 16:29:33 INFO  AveragePointsPerClass:109 - Proccesing class http://www.w3.org/2002/07/owl#Ontology with geometry
2015-07-21 16:29:33 INFO  AveragePointsPerClass:89 - Proccesing class http://www.w3.org/2002/07/owl#AnnotationProperty with list
2015-07-21 16:29:33 INFO  AveragePointsPerClass:109 - Proccesing class http://www.w3.org/2002/07/owl#AnnotationProperty with geometry
2015-07-21 16:29:33 INFO  AveragePointsPerClass:89 - Proccesing class http://www.w3.org/1999/02/22-rdf-syntax-ns#List with list
2015-07-21 16:29:33 INFO  AveragePointsPerClass:109 - Proccesing class http://www.w3.org/1999/02/22-rdf-syntax-ns#List with geometry
2015-07-21 16:29:33 INFO  AveragePointsPerClass:89 - Proccesing class http://www.w3.org/2002/07/owl#Restriction with list
2015-07-21 16:29:34 INFO  AveragePointsPerClass:109 - Proccesing class http://www.w3.org/2002/07/owl#Restriction with geometry
2015-07-21 16:29:34 INFO  AveragePointsPerClass:89 - Proccesing class http://www.w3.org/2002/07/owl#ObjectProperty with list
2015-07-21 16:29:34 INFO  AveragePointsPerClass:109 - Proccesing class http://www.w3.org/2002/07/owl#ObjectProperty with geometry
2015-07-21 16:29:34 INFO  AveragePointsPerClass:89 - Proccesing class http://www.w3.org/2002/07/owl#DatatypeProperty with list
2015-07-21 16:29:34 INFO  AveragePointsPerClass:109 - Proccesing class http://www.w3.org/2002/07/owl#DatatypeProperty with geometry
2015-07-21 16:29:34 INFO  AveragePointsPerClass:89 - Proccesing class http://www.w3.org/2002/07/owl#TransitiveProperty with list
2015-07-21 16:29:34 INFO  AveragePointsPerClass:109 - Proccesing class http://www.w3.org/2002/07/owl#TransitiveProperty with geometry
2015-07-21 16:29:34 INFO  AveragePointsPerClass:89 - Proccesing class http://www.w3.org/2002/07/owl#DataRange with list
2015-07-21 16:29:34 INFO  AveragePointsPerClass:109 - Proccesing class http://www.w3.org/2002/07/owl#DataRange with geometry
2015-07-21 16:29:34 INFO  AveragePointsPerClass:89 - Proccesing class http://geo.linkeddata.es/ontology/Surgencia with list
2015-07-21 16:29:34 INFO  AveragePointsPerClass:109 - Proccesing class http://geo.linkeddata.es/ontology/Surgencia with geometry
2015-07-21 16:29:34 INFO  AveragePointsPerClass:89 - Proccesing class http://geo.linkeddata.es/ontology/Marisma with list
2015-07-21 16:29:34 INFO  AveragePointsPerClass:109 - Proccesing class http://geo.linkeddata.es/ontology/Marisma with geometry
2015-07-21 16:29:34 INFO  AveragePointsPerClass:89 - Proccesing class http://geo.linkeddata.es/ontology/Desembocadura with list
2015-07-21 16:29:35 INFO  AveragePointsPerClass:109 - Proccesing class http://geo.linkeddata.es/ontology/Desembocadura with geometry
2015-07-21 16:29:35 INFO  AveragePointsPerClass:89 - Proccesing class http://geo.linkeddata.es/ontology/Salina with list
2015-07-21 16:29:35 INFO  AveragePointsPerClass:109 - Proccesing class http://geo.linkeddata.es/ontology/Salina with geometry
2015-07-21 16:29:35 INFO  AveragePointsPerClass:89 - Proccesing class http://geo.linkeddata.es/ontology/Sumidero with list
2015-07-21 16:29:35 INFO  AveragePointsPerClass:109 - Proccesing class http://geo.linkeddata.es/ontology/Sumidero with geometry
2015-07-21 16:29:35 INFO  AveragePointsPerClass:89 - Proccesing class http://geo.linkeddata.es/ontology/Nacimiento with list
2015-07-21 16:29:35 INFO  AveragePointsPerClass:109 - Proccesing class http://geo.linkeddata.es/ontology/Nacimiento with geometry
2015-07-21 16:29:35 INFO  AveragePointsPerClass:89 - Proccesing class http://geo.linkeddata.es/ontology/Ojo with list
2015-07-21 16:29:35 INFO  AveragePointsPerClass:109 - Proccesing class http://geo.linkeddata.es/ontology/Ojo with geometry
2015-07-21 16:29:35 INFO  AveragePointsPerClass:89 - Proccesing class http://geo.linkeddata.es/ontology/Caz with list
2015-07-21 16:29:35 INFO  AveragePointsPerClass:109 - Proccesing class http://geo.linkeddata.es/ontology/Caz with geometry
2015-07-21 16:29:36 INFO  AveragePointsPerClass:89 - Proccesing class http://geo.linkeddata.es/ontology/Chorrera with list
2015-07-21 16:29:36 INFO  AveragePointsPerClass:109 - Proccesing class http://geo.linkeddata.es/ontology/Chorrera with geometry
2015-07-21 16:29:36 INFO  AveragePointsPerClass:89 - Proccesing class http://geo.linkeddata.es/ontology/Lavajo with list
2015-07-21 16:29:36 INFO  AveragePointsPerClass:109 - Proccesing class http://geo.linkeddata.es/ontology/Lavajo with geometry
2015-07-21 16:29:36 INFO  AveragePointsPerClass:89 - Proccesing class http://geo.linkeddata.es/ontology/Reguero with list
2015-07-21 16:29:36 INFO  AveragePointsPerClass:109 - Proccesing class http://geo.linkeddata.es/ontology/Reguero with geometry
2015-07-21 16:29:36 INFO  AveragePointsPerClass:89 - Proccesing class http://geo.linkeddata.es/ontology/Ribera with list
2015-07-21 16:29:36 INFO  AveragePointsPerClass:109 - Proccesing class http://geo.linkeddata.es/ontology/Ribera with geometry
2015-07-21 16:29:36 INFO  AveragePointsPerClass:89 - Proccesing class http://geo.linkeddata.es/ontology/Embalse with list
2015-07-21 16:29:36 INFO  AveragePointsPerClass:109 - Proccesing class http://geo.linkeddata.es/ontology/Embalse with geometry
2015-07-21 16:29:37 INFO  AveragePointsPerClass:89 - Proccesing class http://geo.linkeddata.es/ontology/Laguna with list
2015-07-21 16:29:37 INFO  AveragePointsPerClass:109 - Proccesing class http://geo.linkeddata.es/ontology/Laguna with geometry
2015-07-21 16:29:37 INFO  AveragePointsPerClass:89 - Proccesing class http://geo.linkeddata.es/ontology/Nava with list
2015-07-21 16:29:37 INFO  AveragePointsPerClass:109 - Proccesing class http://geo.linkeddata.es/ontology/Nava with geometry
2015-07-21 16:29:37 INFO  AveragePointsPerClass:89 - Proccesing class http://geo.linkeddata.es/ontology/Arroyo with list
2015-07-21 16:29:37 INFO  AveragePointsPerClass:109 - Proccesing class http://geo.linkeddata.es/ontology/Arroyo with geometry
2015-07-21 16:29:40 INFO  AveragePointsPerClass:89 - Proccesing class http://geo.linkeddata.es/ontology/Canal with list
2015-07-21 16:29:40 INFO  AveragePointsPerClass:109 - Proccesing class http://geo.linkeddata.es/ontology/Canal with geometry
2015-07-21 16:29:40 INFO  AveragePointsPerClass:89 - Proccesing class http://geo.linkeddata.es/ontology/Acequia with list
2015-07-21 16:29:40 INFO  AveragePointsPerClass:109 - Proccesing class http://geo.linkeddata.es/ontology/Acequia with geometry
2015-07-21 16:29:41 INFO  AveragePointsPerClass:89 - Proccesing class http://geo.linkeddata.es/ontology/Rivera with list
2015-07-21 16:29:41 INFO  AveragePointsPerClass:109 - Proccesing class http://geo.linkeddata.es/ontology/Rivera with geometry
2015-07-21 16:29:41 INFO  AveragePointsPerClass:89 - Proccesing class http://geo.linkeddata.es/ontology/Torrente with list
2015-07-21 16:29:41 INFO  AveragePointsPerClass:109 - Proccesing class http://geo.linkeddata.es/ontology/Torrente with geometry
2015-07-21 16:29:41 INFO  AveragePointsPerClass:89 - Proccesing class http://geo.linkeddata.es/ontology/Colector with list
2015-07-21 16:29:41 INFO  AveragePointsPerClass:109 - Proccesing class http://geo.linkeddata.es/ontology/Colector with geometry
2015-07-21 16:29:41 INFO  AveragePointsPerClass:89 - Proccesing class http://geo.linkeddata.es/ontology/Barranco with list
2015-07-21 16:29:42 INFO  AveragePointsPerClass:109 - Proccesing class http://geo.linkeddata.es/ontology/Barranco with geometry
2015-07-21 16:29:46 INFO  AveragePointsPerClass:89 - Proccesing class http://geo.linkeddata.es/ontology/Lago with list
2015-07-21 16:29:46 INFO  AveragePointsPerClass:109 - Proccesing class http://geo.linkeddata.es/ontology/Lago with geometry
2015-07-21 16:29:46 INFO  AveragePointsPerClass:89 - Proccesing class http://geo.linkeddata.es/ontology/Lucio with list
2015-07-21 16:29:46 INFO  AveragePointsPerClass:109 - Proccesing class http://geo.linkeddata.es/ontology/Lucio with geometry
2015-07-21 16:29:46 INFO  AveragePointsPerClass:89 - Proccesing class http://geo.linkeddata.es/ontology/Rambla with list
2015-07-21 16:29:46 INFO  AveragePointsPerClass:109 - Proccesing class http://geo.linkeddata.es/ontology/Rambla with geometry
2015-07-21 16:29:47 INFO  AveragePointsPerClass:89 - Proccesing class http://geo.linkeddata.es/ontology/Estero with list
2015-07-21 16:29:47 INFO  AveragePointsPerClass:109 - Proccesing class http://geo.linkeddata.es/ontology/Estero with geometry
2015-07-21 16:29:47 INFO  AveragePointsPerClass:89 - Proccesing class http://geo.linkeddata.es/ontology/Albufera with list
2015-07-21 16:29:47 INFO  AveragePointsPerClass:109 - Proccesing class http://geo.linkeddata.es/ontology/Albufera with geometry
2015-07-21 16:29:47 INFO  AveragePointsPerClass:89 - Proccesing class http://geo.linkeddata.es/ontology/Regato with list
2015-07-21 16:29:47 INFO  AveragePointsPerClass:109 - Proccesing class http://geo.linkeddata.es/ontology/Regato with geometry
2015-07-21 16:29:48 INFO  AveragePointsPerClass:89 - Proccesing class http://geo.linkeddata.es/ontology/Brazo with list
2015-07-21 16:29:48 INFO  AveragePointsPerClass:109 - Proccesing class http://geo.linkeddata.es/ontology/Brazo with geometry
2015-07-21 16:29:48 INFO  AveragePointsPerClass:89 - Proccesing class http://geo.linkeddata.es/ontology/Balsa with list
2015-07-21 16:29:48 INFO  AveragePointsPerClass:109 - Proccesing class http://geo.linkeddata.es/ontology/Balsa with geometry
2015-07-21 16:29:48 INFO  AveragePointsPerClass:89 - Proccesing class http://geo.linkeddata.es/ontology/Charca with list
2015-07-21 16:29:48 INFO  AveragePointsPerClass:109 - Proccesing class http://geo.linkeddata.es/ontology/Charca with geometry
2015-07-21 16:29:48 INFO  AveragePointsPerClass:89 - Proccesing class http://geo.linkeddata.es/ontology/Azarbe with list
2015-07-21 16:29:48 INFO  AveragePointsPerClass:109 - Proccesing class http://geo.linkeddata.es/ontology/Azarbe with geometry
2015-07-21 16:29:48 INFO  AveragePointsPerClass:89 - Proccesing class http://geo.linkeddata.es/ontology/Garganta with list
2015-07-21 16:29:48 INFO  AveragePointsPerClass:109 - Proccesing class http://geo.linkeddata.es/ontology/Garganta with geometry
2015-07-21 16:29:49 INFO  AveragePointsPerClass:89 - Proccesing class http://geo.linkeddata.es/ontology/Madre with list
2015-07-21 16:29:49 INFO  AveragePointsPerClass:109 - Proccesing class http://geo.linkeddata.es/ontology/Madre with geometry
2015-07-21 16:29:49 INFO  AveragePointsPerClass:89 - Proccesing class http://geo.linkeddata.es/ontology/Estanque with list
2015-07-21 16:29:49 INFO  AveragePointsPerClass:109 - Proccesing class http://geo.linkeddata.es/ontology/Estanque with geometry
2015-07-21 16:29:49 INFO  AveragePointsPerClass:89 - Proccesing class http://geo.linkeddata.es/ontology/R%C3%ADo with list
2015-07-21 16:29:49 INFO  AveragePointsPerClass:109 - Proccesing class http://geo.linkeddata.es/ontology/R%C3%ADo with geometry
2015-07-21 16:29:52 INFO  AveragePointsPerClass:89 - Proccesing class http://geo.linkeddata.es/ontology/Pa%C3%ADs with list
2015-07-21 16:29:52 INFO  AveragePointsPerClass:109 - Proccesing class http://geo.linkeddata.es/ontology/Pa%C3%ADs with geometry
2015-07-21 16:29:53 INFO  AveragePointsPerClass:89 - Proccesing class http://geo.linkeddata.es/ontology/Ca%C3%B1o with list
2015-07-21 16:29:53 INFO  AveragePointsPerClass:109 - Proccesing class http://geo.linkeddata.es/ontology/Ca%C3%B1o with geometry
2015-07-21 16:29:53 INFO  AveragePointsPerClass:89 - Proccesing class http://geo.linkeddata.es/ontology/Ca%C3%B1ada with list
2015-07-21 16:29:53 INFO  AveragePointsPerClass:109 - Proccesing class http://geo.linkeddata.es/ontology/Ca%C3%B1ada with geometry
2015-07-21 16:29:53 INFO  AveragePointsPerClass:89 - Proccesing class http://geo.linkeddata.es/ontology/Oc%C3%A9ano with list
2015-07-21 16:29:53 INFO  AveragePointsPerClass:109 - Proccesing class http://geo.linkeddata.es/ontology/Oc%C3%A9ano with geometry
2015-07-21 16:29:53 INFO  AveragePointsPerClass:89 - Proccesing class http://geo.linkeddata.es/ontology/Captaci%C3%B3n with list
2015-07-21 16:29:53 INFO  AveragePointsPerClass:109 - Proccesing class http://geo.linkeddata.es/ontology/Captaci%C3%B3n with geometry
2015-07-21 16:29:53 INFO  AveragePointsPerClass:89 - Proccesing class http://geo.linkeddata.es/ontology/A%C3%B1o with list
2015-07-21 16:29:53 INFO  AveragePointsPerClass:109 - Proccesing class http://geo.linkeddata.es/ontology/A%C3%B1o with geometry
2015-07-21 16:29:53 INFO  AveragePointsPerClass:89 - Proccesing class http://geo.linkeddata.es/ontology/Organizaci%C3%B3n with list
2015-07-21 16:29:53 INFO  AveragePointsPerClass:109 - Proccesing class http://geo.linkeddata.es/ontology/Organizaci%C3%B3n with geometry
2015-07-21 16:29:53 INFO  AveragePointsPerClass:89 - Proccesing class http://geo.linkeddata.es/ontology/Humedal with list
2015-07-21 16:29:53 INFO  AveragePointsPerClass:109 - Proccesing class http://geo.linkeddata.es/ontology/Humedal with geometry
2015-07-21 16:29:54 INFO  AveragePointsPerClass:89 - Proccesing class http://geo.linkeddata.es/ontology/Confluencia with list
2015-07-21 16:29:54 INFO  AveragePointsPerClass:109 - Proccesing class http://geo.linkeddata.es/ontology/Confluencia with geometry
2015-07-21 16:29:54 INFO  AveragePointsPerClass:89 - Proccesing class http://geo.linkeddata.es/ontology/Saladar with list
2015-07-21 16:29:54 INFO  AveragePointsPerClass:109 - Proccesing class http://geo.linkeddata.es/ontology/Saladar with geometry
2015-07-21 16:29:54 INFO  AveragePointsPerClass:89 - Proccesing class http://geo.linkeddata.es/ontology/Nevero with list
2015-07-21 16:29:54 INFO  AveragePointsPerClass:109 - Proccesing class http://geo.linkeddata.es/ontology/Nevero with geometry
2015-07-21 16:29:54 INFO  AveragePointsPerClass:89 - Proccesing class http://geo.linkeddata.es/ontology/Cascada with list
2015-07-21 16:29:54 INFO  AveragePointsPerClass:109 - Proccesing class http://geo.linkeddata.es/ontology/Cascada with geometry
2015-07-21 16:29:55 INFO  AveragePointsPerClass:89 - Proccesing class http://geo.linkeddata.es/ontology/Alberca with list
2015-07-21 16:29:55 INFO  AveragePointsPerClass:109 - Proccesing class http://geo.linkeddata.es/ontology/Alberca with geometry
2015-07-21 16:29:55 INFO  AveragePointsPerClass:89 - Proccesing class http://geo.linkeddata.es/ontology/Galacho with list
2015-07-21 16:29:55 INFO  AveragePointsPerClass:109 - Proccesing class http://geo.linkeddata.es/ontology/Galacho with geometry
2015-07-21 16:29:55 INFO  AveragePointsPerClass:89 - Proccesing class http://geo.linkeddata.es/ontology/Reguera with list
2015-07-21 16:29:55 INFO  AveragePointsPerClass:109 - Proccesing class http://geo.linkeddata.es/ontology/Reguera with geometry
2015-07-21 16:29:55 INFO  AveragePointsPerClass:89 - Proccesing class http://geo.linkeddata.es/ontology/Riacho with list
2015-07-21 16:29:55 INFO  AveragePointsPerClass:109 - Proccesing class http://geo.linkeddata.es/ontology/Riacho with geometry
2015-07-21 16:29:55 INFO  AveragePointsPerClass:89 - Proccesing class http://geo.linkeddata.es/ontology/Toma with list
2015-07-21 16:29:55 INFO  AveragePointsPerClass:109 - Proccesing class http://geo.linkeddata.es/ontology/Toma with geometry
2015-07-21 16:29:55 INFO  AveragePointsPerClass:89 - Proccesing class http://geo.linkeddata.es/ontology/Venaje with list
2015-07-21 16:29:55 INFO  AveragePointsPerClass:109 - Proccesing class http://geo.linkeddata.es/ontology/Venaje with geometry
2015-07-21 16:29:55 INFO  AveragePointsPerClass:89 - Proccesing class http://geo.linkeddata.es/ontology/Sif%C3%B3n with list
2015-07-21 16:29:56 INFO  AveragePointsPerClass:109 - Proccesing class http://geo.linkeddata.es/ontology/Sif%C3%B3n with geometry
2015-07-21 16:29:56 INFO  AveragePointsPerClass:89 - Proccesing class http://geo.linkeddata.es/ontology/Dep%C3%B3sito with list
2015-07-21 16:29:56 INFO  AveragePointsPerClass:109 - Proccesing class http://geo.linkeddata.es/ontology/Dep%C3%B3sito with geometry
2015-07-21 16:29:56 INFO  AveragePointsPerClass:89 - Proccesing class http://geo.linkeddata.es/ontology/Tuber%C3%ADa with list
2015-07-21 16:29:56 INFO  AveragePointsPerClass:109 - Proccesing class http://geo.linkeddata.es/ontology/Tuber%C3%ADa with geometry
2015-07-21 16:29:56 INFO  AveragePointsPerClass:89 - Proccesing class http://geo.linkeddata.es/ontology/Bod%C3%B3n with list
2015-07-21 16:29:56 INFO  AveragePointsPerClass:109 - Proccesing class http://geo.linkeddata.es/ontology/Bod%C3%B3n with geometry
2015-07-21 16:29:56 INFO  AveragePointsPerClass:89 - Proccesing class http://geo.linkeddata.es/ontology/Acu%C3%ADfero with list
2015-07-21 16:29:56 INFO  AveragePointsPerClass:109 - Proccesing class http://geo.linkeddata.es/ontology/Acu%C3%ADfero with geometry
2015-07-21 16:29:56 INFO  AveragePointsPerClass:89 - Proccesing class http://phenomenontology.linkeddata.es/ontology/Abad%C3%ADa with list
2015-07-21 16:29:56 INFO  AveragePointsPerClass:109 - Proccesing class http://phenomenontology.linkeddata.es/ontology/Abad%C3%ADa with geometry
2015-07-21 16:29:56 INFO  AveragePointsPerClass:89 - Proccesing class http://phenomenontology.linkeddata.es/ontology/Capilla with list
2015-07-21 16:29:56 INFO  AveragePointsPerClass:109 - Proccesing class http://phenomenontology.linkeddata.es/ontology/Capilla with geometry
2015-07-21 16:29:56 INFO  AveragePointsPerClass:89 - Proccesing class http://phenomenontology.linkeddata.es/ontology/Catedral with list
2015-07-21 16:29:56 INFO  AveragePointsPerClass:109 - Proccesing class http://phenomenontology.linkeddata.es/ontology/Catedral with geometry
2015-07-21 16:29:56 INFO  AveragePointsPerClass:89 - Proccesing class http://phenomenontology.linkeddata.es/ontology/Observatorio with list
2015-07-21 16:29:56 INFO  AveragePointsPerClass:109 - Proccesing class http://phenomenontology.linkeddata.es/ontology/Observatorio with geometry
2015-07-21 16:29:57 INFO  AveragePointsPerClass:89 - Proccesing class http://geo.linkeddata.es/ontology/Mar with list
2015-07-21 16:29:57 INFO  AveragePointsPerClass:109 - Proccesing class http://geo.linkeddata.es/ontology/Mar with geometry
2015-07-21 16:29:57 INFO  AveragePointsPerClass:89 - Proccesing class http://geo.linkeddata.es/ontology/Manantial with list
2015-07-21 16:29:57 INFO  AveragePointsPerClass:109 - Proccesing class http://geo.linkeddata.es/ontology/Manantial with geometry
2015-07-21 16:29:57 INFO  AveragePointsPerClass:89 - Proccesing class http://geo.linkeddata.es/ontology/Aljibe with list
2015-07-21 16:29:57 INFO  AveragePointsPerClass:109 - Proccesing class http://geo.linkeddata.es/ontology/Aljibe with geometry
2015-07-21 16:29:57 INFO  AveragePointsPerClass:89 - Proccesing class http://geo.linkeddata.es/ontology/Pozo with list
2015-07-21 16:29:57 INFO  AveragePointsPerClass:109 - Proccesing class http://geo.linkeddata.es/ontology/Pozo with geometry
2015-07-21 16:29:57 INFO  AveragePointsPerClass:89 - Proccesing class http://geo.linkeddata.es/ontology/Meandro with list
2015-07-21 16:29:58 INFO  AveragePointsPerClass:109 - Proccesing class http://geo.linkeddata.es/ontology/Meandro with geometry
2015-07-21 16:29:58 INFO  AveragePointsPerClass:89 - Proccesing class http://geo.linkeddata.es/ontology/Poza with list
2015-07-21 16:29:58 INFO  AveragePointsPerClass:109 - Proccesing class http://geo.linkeddata.es/ontology/Poza with geometry
2015-07-21 16:29:58 INFO  AveragePointsPerClass:89 - Proccesing class http://geo.linkeddata.es/ontology/Gola with list
2015-07-21 16:29:58 INFO  AveragePointsPerClass:109 - Proccesing class http://geo.linkeddata.es/ontology/Gola with geometry
2015-07-21 16:29:58 INFO  AveragePointsPerClass:89 - Proccesing class http://geo.linkeddata.es/ontology/Marjal with list
2015-07-21 16:29:58 INFO  AveragePointsPerClass:109 - Proccesing class http://geo.linkeddata.es/ontology/Marjal with geometry
2015-07-21 16:29:58 INFO  AveragePointsPerClass:89 - Proccesing class http://geo.linkeddata.es/ontology/Piscina with list
2015-07-21 16:29:58 INFO  AveragePointsPerClass:109 - Proccesing class http://geo.linkeddata.es/ontology/Piscina with geometry
2015-07-21 16:29:58 INFO  AveragePointsPerClass:89 - Proccesing class http://geo.linkeddata.es/ontology/Vado with list
2015-07-21 16:29:58 INFO  AveragePointsPerClass:109 - Proccesing class http://geo.linkeddata.es/ontology/Vado with geometry
2015-07-21 16:29:58 INFO  AveragePointsPerClass:89 - Proccesing class http://geo.linkeddata.es/ontology/Vertiente with list
2015-07-21 16:29:58 INFO  AveragePointsPerClass:109 - Proccesing class http://geo.linkeddata.es/ontology/Vertiente with geometry
2015-07-21 16:29:58 INFO  AveragePointsPerClass:89 - Proccesing class http://geo.linkeddata.es/ontology/Playa with list
2015-07-21 16:29:58 INFO  AveragePointsPerClass:109 - Proccesing class http://geo.linkeddata.es/ontology/Playa with geometry
2015-07-21 16:30:00 INFO  AveragePointsPerClass:89 - Proccesing class http://geo.linkeddata.es/ontology/Ib%C3%B3n with list
2015-07-21 16:30:00 INFO  AveragePointsPerClass:109 - Proccesing class http://geo.linkeddata.es/ontology/Ib%C3%B3n with geometry
2015-07-21 16:30:00 INFO  AveragePointsPerClass:89 - Proccesing class http://geo.linkeddata.es/ontology/Estaci%C3%B3nDeFerrocarril with list
2015-07-21 16:30:00 INFO  AveragePointsPerClass:109 - Proccesing class http://geo.linkeddata.es/ontology/Estaci%C3%B3nDeFerrocarril with geometry
2015-07-21 16:30:00 INFO  AveragePointsPerClass:89 - Proccesing class http://geo.linkeddata.es/ontology/Provincia with list
2015-07-21 16:30:00 INFO  AveragePointsPerClass:109 - Proccesing class http://geo.linkeddata.es/ontology/Provincia with geometry
2015-07-21 16:30:00 INFO  AveragePointsPerClass:89 - Proccesing class http://www.openlinksw.com/schemas/virtrdf#array-of-string with list
2015-07-21 16:30:00 INFO  AveragePointsPerClass:109 - Proccesing class http://www.openlinksw.com/schemas/virtrdf#array-of-string with geometry
2015-07-21 16:30:00 INFO  AveragePointsPerClass:89 - Proccesing class http://www.w3.org/2003/01/geo/wgs84_pos#Point with list
2015-07-21 16:30:09 INFO  AveragePointsPerClass:109 - Proccesing class http://www.w3.org/2003/01/geo/wgs84_pos#Point with geometry
2015-07-21 16:30:15 INFO  AveragePointsPerClass:89 - Proccesing class http://geo.linkeddata.es/ontology/Curva with list
2015-07-21 16:30:16 INFO  AveragePointsPerClass:109 - Proccesing class http://geo.linkeddata.es/ontology/Curva with geometry
2015-07-21 16:30:16 INFO  AveragePointsPerClass:89 - Proccesing class http://purl.org/NET/scovo#Item with list
2015-07-21 16:30:16 INFO  AveragePointsPerClass:109 - Proccesing class http://purl.org/NET/scovo#Item with geometry
2015-07-21 16:30:16 INFO  AveragePointsPerClass:89 - Proccesing class http://geo.linkeddata.es/ontology/Municipio with list
2015-07-21 16:30:16 INFO  AveragePointsPerClass:109 - Proccesing class http://geo.linkeddata.es/ontology/Municipio with geometry
2015-07-21 16:30:18 INFO  AveragePointsPerClass:89 - Proccesing class http://purl.org/NET/scovo#Dataset with list
2015-07-21 16:30:18 INFO  AveragePointsPerClass:109 - Proccesing class http://purl.org/NET/scovo#Dataset with geometry
2015-07-21 16:30:18 INFO  AveragePointsPerClass:89 - Proccesing class http://geo.linkeddata.es/ontology/Desag%C3%BCe with list
2015-07-21 16:30:18 INFO  AveragePointsPerClass:109 - Proccesing class http://geo.linkeddata.es/ontology/Desag%C3%BCe with geometry
2015-07-21 16:30:18 INFO  AveragePointsPerClass:89 - Proccesing class http://geo.linkeddata.es/ontology/R%C3%ADa with list
2015-07-21 16:30:18 INFO  AveragePointsPerClass:109 - Proccesing class http://geo.linkeddata.es/ontology/R%C3%ADa with geometry
2015-07-21 16:30:18 INFO  AveragePointsPerClass:89 - Proccesing class http://geo.linkeddata.es/ontology/ComunidadAut%C3%B3noma with list
2015-07-21 16:30:18 INFO  AveragePointsPerClass:109 - Proccesing class http://geo.linkeddata.es/ontology/ComunidadAut%C3%B3noma with geometry
2015-07-21 16:30:18 INFO  AveragePointsPerClass:89 - Proccesing class http://geo.linkeddata.es/ontology/Aer%C3%B3dromo with list
2015-07-21 16:30:18 INFO  AveragePointsPerClass:109 - Proccesing class http://geo.linkeddata.es/ontology/Aer%C3%B3dromo with geometry
2015-07-21 16:30:18 INFO  AveragePointsPerClass:89 - Proccesing class http://geo.linkeddata.es/ontology/BaseA%C3%A9rea with list
2015-07-21 16:30:18 INFO  AveragePointsPerClass:109 - Proccesing class http://geo.linkeddata.es/ontology/BaseA%C3%A9rea with geometry
2015-07-21 16:30:18 INFO  AveragePointsPerClass:89 - Proccesing class http://geo.linkeddata.es/ontology/Traves%C3%ADa with list
2015-07-21 16:30:18 INFO  AveragePointsPerClass:109 - Proccesing class http://geo.linkeddata.es/ontology/Traves%C3%ADa with geometry
2015-07-21 16:30:18 INFO  AveragePointsPerClass:89 - Proccesing class http://geo.linkeddata.es/ontology/R%C3%A1pido with list
2015-07-21 16:30:18 INFO  AveragePointsPerClass:109 - Proccesing class http://geo.linkeddata.es/ontology/R%C3%A1pido with geometry
2015-07-21 16:30:18 INFO  AveragePointsPerClass:89 - Proccesing class http://geo.linkeddata.es/ontology/IslaFluvial with list
2015-07-21 16:30:19 INFO  AveragePointsPerClass:109 - Proccesing class http://geo.linkeddata.es/ontology/IslaFluvial with geometry
2015-07-21 16:30:19 INFO  AveragePointsPerClass:89 - Proccesing class http://geo.linkeddata.es/ontology/CanalMarino with list
2015-07-21 16:30:19 INFO  AveragePointsPerClass:109 - Proccesing class http://geo.linkeddata.es/ontology/CanalMarino with geometry
2015-07-21 16:30:19 INFO  AveragePointsPerClass:89 - Proccesing class http://geo.linkeddata.es/ontology/FuenteNatural with list
2015-07-21 16:30:19 INFO  AveragePointsPerClass:109 - Proccesing class http://geo.linkeddata.es/ontology/FuenteNatural with geometry
2015-07-21 16:30:19 INFO  AveragePointsPerClass:89 - Proccesing class http://geo.linkeddata.es/ontology/LineString with list
2015-07-21 16:30:19 INFO  AveragePointsPerClass:109 - Proccesing class http://geo.linkeddata.es/ontology/LineString with geometry
2015-07-21 16:30:19 INFO  AveragePointsPerClass:89 - Proccesing class http://geo.linkeddata.es/ontology/Pista with list
2015-07-21 16:30:19 INFO  AveragePointsPerClass:109 - Proccesing class http://geo.linkeddata.es/ontology/Pista with geometry
2015-07-21 16:30:19 INFO  AveragePointsPerClass:89 - Proccesing class http://geo.linkeddata.es/ontology/Carretera with list
2015-07-21 16:30:19 INFO  AveragePointsPerClass:109 - Proccesing class http://geo.linkeddata.es/ontology/Carretera with geometry
2015-07-21 16:30:19 INFO  AveragePointsPerClass:89 - Proccesing class http://geo.linkeddata.es/ontology/Estaci%C3%B3nDeAutobuses with list
2015-07-21 16:30:19 INFO  AveragePointsPerClass:109 - Proccesing class http://geo.linkeddata.es/ontology/Estaci%C3%B3nDeAutobuses with geometry
2015-07-21 16:30:20 INFO  AveragePointsPerClass:89 - Proccesing class http://geo.linkeddata.es/ontology/Puerto with list
2015-07-21 16:30:20 INFO  AveragePointsPerClass:109 - Proccesing class http://geo.linkeddata.es/ontology/Puerto with geometry
2015-07-21 16:30:20 INFO  AveragePointsPerClass:89 - Proccesing class http://geo.linkeddata.es/ontology/Aeropuerto with list
2015-07-21 16:30:20 INFO  AveragePointsPerClass:109 - Proccesing class http://geo.linkeddata.es/ontology/Aeropuerto with geometry
2015-07-21 16:30:20 INFO  AveragePointsPerClass:89 - Proccesing class http://geo.linkeddata.es/ontology/Ruta with list
2015-07-21 16:30:20 INFO  AveragePointsPerClass:109 - Proccesing class http://geo.linkeddata.es/ontology/Ruta with geometry
2015-07-21 16:30:21 INFO  AveragePointsPerClass:89 - Proccesing class http://geo.linkeddata.es/ontology/Sendero with list
2015-07-21 16:30:21 INFO  AveragePointsPerClass:109 - Proccesing class http://geo.linkeddata.es/ontology/Sendero with geometry
2015-07-21 16:30:21 INFO  AveragePointsPerClass:89 - Proccesing class http://geo.linkeddata.es/ontology/Glorieta with list
2015-07-21 16:30:22 INFO  AveragePointsPerClass:109 - Proccesing class http://geo.linkeddata.es/ontology/Glorieta with geometry
2015-07-21 16:30:22 INFO  AveragePointsPerClass:89 - Proccesing class http://geo.linkeddata.es/ontology/Camino with list
2015-07-21 16:30:22 INFO  AveragePointsPerClass:109 - Proccesing class http://geo.linkeddata.es/ontology/Camino with geometry
2015-07-21 16:30:22 INFO  AveragePointsPerClass:89 - Proccesing class http://geo.linkeddata.es/ontology/Faro with list
2015-07-21 16:30:22 INFO  AveragePointsPerClass:109 - Proccesing class http://geo.linkeddata.es/ontology/Faro with geometry
2015-07-21 16:30:22 INFO  AveragePointsPerClass:89 - Proccesing class http://geo.linkeddata.es/ontology/CintaTransportadora with list
2015-07-21 16:30:22 INFO  AveragePointsPerClass:109 - Proccesing class http://geo.linkeddata.es/ontology/CintaTransportadora with geometry
2015-07-21 16:30:22 INFO  AveragePointsPerClass:89 - Proccesing class http://geo.linkeddata.es/ontology/Autopista with list
2015-07-21 16:30:22 INFO  AveragePointsPerClass:109 - Proccesing class http://geo.linkeddata.es/ontology/Autopista with geometry
2015-07-21 16:30:22 INFO  AveragePointsPerClass:89 - Proccesing class http://geo.linkeddata.es/ontology/Aeroclub with list
2015-07-21 16:30:22 INFO  AveragePointsPerClass:109 - Proccesing class http://geo.linkeddata.es/ontology/Aeroclub with geometry
2015-07-21 16:30:22 INFO  AveragePointsPerClass:89 - Proccesing class http://www.w3.org/ns/prov#Entity with list
2015-07-21 16:30:22 INFO  AveragePointsPerClass:109 - Proccesing class http://www.w3.org/ns/prov#Entity with geometry
2015-07-21 16:30:22 INFO  AveragePointsPerClass:89 - Proccesing class http://www.w3.org/ns/prov#Activity with list
2015-07-21 16:30:22 INFO  AveragePointsPerClass:109 - Proccesing class http://www.w3.org/ns/prov#Activity with geometry
2015-07-21 16:30:22 INFO  AveragePointsPerClass:89 - Proccesing class http://phenomenontology.linkeddata.es/ontology/Ba%C3%B1os with list
2015-07-21 16:30:23 INFO  AveragePointsPerClass:109 - Proccesing class http://phenomenontology.linkeddata.es/ontology/Ba%C3%B1os with geometry
2015-07-21 16:30:23 INFO  AveragePointsPerClass:89 - Proccesing class http://phenomenontology.linkeddata.es/ontology/Colegio with list
2015-07-21 16:30:23 INFO  AveragePointsPerClass:109 - Proccesing class http://phenomenontology.linkeddata.es/ontology/Colegio with geometry
2015-07-21 16:30:23 INFO  AveragePointsPerClass:89 - Proccesing class http://phenomenontology.linkeddata.es/ontology/Faro with list
2015-07-21 16:30:23 INFO  AveragePointsPerClass:109 - Proccesing class http://phenomenontology.linkeddata.es/ontology/Faro with geometry
2015-07-21 16:30:23 INFO  AveragePointsPerClass:89 - Proccesing class http://phenomenontology.linkeddata.es/ontology/Hotel with list
2015-07-21 16:30:23 INFO  AveragePointsPerClass:109 - Proccesing class http://phenomenontology.linkeddata.es/ontology/Hotel with geometry
2015-07-21 16:30:23 INFO  AveragePointsPerClass:89 - Proccesing class http://phenomenontology.linkeddata.es/ontology/Iglesia with list
2015-07-21 16:30:23 INFO  AveragePointsPerClass:109 - Proccesing class http://phenomenontology.linkeddata.es/ontology/Iglesia with geometry
2015-07-21 16:30:23 INFO  AveragePointsPerClass:89 - Proccesing class http://phenomenontology.linkeddata.es/ontology/Muralla with list
2015-07-21 16:30:23 INFO  AveragePointsPerClass:109 - Proccesing class http://phenomenontology.linkeddata.es/ontology/Muralla with geometry
2015-07-21 16:30:23 INFO  AveragePointsPerClass:89 - Proccesing class http://phenomenontology.linkeddata.es/ontology/Parador with list
2015-07-21 16:30:24 INFO  AveragePointsPerClass:109 - Proccesing class http://phenomenontology.linkeddata.es/ontology/Parador with geometry
2015-07-21 16:30:24 INFO  AveragePointsPerClass:89 - Proccesing class http://phenomenontology.linkeddata.es/ontology/Parque with list
2015-07-21 16:30:24 INFO  AveragePointsPerClass:109 - Proccesing class http://phenomenontology.linkeddata.es/ontology/Parque with geometry
2015-07-21 16:30:24 INFO  AveragePointsPerClass:89 - Proccesing class http://phenomenontology.linkeddata.es/ontology/Parroquia with list
2015-07-21 16:30:24 INFO  AveragePointsPerClass:109 - Proccesing class http://phenomenontology.linkeddata.es/ontology/Parroquia with geometry
2015-07-21 16:30:24 INFO  AveragePointsPerClass:89 - Proccesing class http://phenomenontology.linkeddata.es/ontology/Plaza_de_toros with list
2015-07-21 16:30:24 INFO  AveragePointsPerClass:109 - Proccesing class http://phenomenontology.linkeddata.es/ontology/Plaza_de_toros with geometry
2015-07-21 16:30:24 INFO  AveragePointsPerClass:89 - Proccesing class http://phenomenontology.linkeddata.es/ontology/Vista_panor%C3%A1mica with list
2015-07-21 16:30:24 INFO  AveragePointsPerClass:109 - Proccesing class http://phenomenontology.linkeddata.es/ontology/Vista_panor%C3%A1mica with geometry
2015-07-21 16:30:24 INFO  AveragePointsPerClass:89 - Proccesing class http://phenomenontology.linkeddata.es/ontology/Alc%C3%A1zar with list
2015-07-21 16:30:24 INFO  AveragePointsPerClass:109 - Proccesing class http://phenomenontology.linkeddata.es/ontology/Alc%C3%A1zar with geometry
2015-07-21 16:30:24 INFO  AveragePointsPerClass:89 - Proccesing class http://phenomenontology.linkeddata.es/ontology/Acuario with list
2015-07-21 16:30:24 INFO  AveragePointsPerClass:109 - Proccesing class http://phenomenontology.linkeddata.es/ontology/Acuario with geometry
2015-07-21 16:30:24 INFO  AveragePointsPerClass:89 - Proccesing class http://phenomenontology.linkeddata.es/ontology/B%C3%B3veda with list
2015-07-21 16:30:24 INFO  AveragePointsPerClass:109 - Proccesing class http://phenomenontology.linkeddata.es/ontology/B%C3%B3veda with geometry
2015-07-21 16:30:24 INFO  AveragePointsPerClass:89 - Proccesing class http://phenomenontology.linkeddata.es/ontology/Dolmen with list
2015-07-21 16:30:24 INFO  AveragePointsPerClass:109 - Proccesing class http://phenomenontology.linkeddata.es/ontology/Dolmen with geometry
2015-07-21 16:30:25 INFO  AveragePointsPerClass:89 - Proccesing class http://phenomenontology.linkeddata.es/ontology/Hospital with list
2015-07-21 16:30:25 INFO  AveragePointsPerClass:109 - Proccesing class http://phenomenontology.linkeddata.es/ontology/Hospital with geometry
2015-07-21 16:30:25 INFO  AveragePointsPerClass:89 - Proccesing class http://phenomenontology.linkeddata.es/ontology/Molino with list
2015-07-21 16:30:25 INFO  AveragePointsPerClass:109 - Proccesing class http://phenomenontology.linkeddata.es/ontology/Molino with geometry
2015-07-21 16:30:25 INFO  AveragePointsPerClass:89 - Proccesing class http://phenomenontology.linkeddata.es/ontology/Monumento with list
2015-07-21 16:30:25 INFO  AveragePointsPerClass:109 - Proccesing class http://phenomenontology.linkeddata.es/ontology/Monumento with geometry
2015-07-21 16:30:25 INFO  AveragePointsPerClass:89 - Proccesing class http://phenomenontology.linkeddata.es/ontology/Pazo with list
2015-07-21 16:30:25 INFO  AveragePointsPerClass:109 - Proccesing class http://phenomenontology.linkeddata.es/ontology/Pazo with geometry
2015-07-21 16:30:25 INFO  AveragePointsPerClass:89 - Proccesing class http://phenomenontology.linkeddata.es/ontology/Santuario with list
2015-07-21 16:30:25 INFO  AveragePointsPerClass:109 - Proccesing class http://phenomenontology.linkeddata.es/ontology/Santuario with geometry
2015-07-21 16:30:25 INFO  AveragePointsPerClass:89 - Proccesing class http://phenomenontology.linkeddata.es/ontology/Torre with list
2015-07-21 16:30:25 INFO  AveragePointsPerClass:109 - Proccesing class http://phenomenontology.linkeddata.es/ontology/Torre with geometry
2015-07-21 16:30:25 INFO  AveragePointsPerClass:89 - Proccesing class http://phenomenontology.linkeddata.es/ontology/Yacimiento with list
2015-07-21 16:30:25 INFO  AveragePointsPerClass:109 - Proccesing class http://phenomenontology.linkeddata.es/ontology/Yacimiento with geometry
2015-07-21 16:30:25 INFO  AveragePointsPerClass:89 - Proccesing class http://phenomenontology.linkeddata.es/ontology/Ayuntamiento with list
2015-07-21 16:30:25 INFO  AveragePointsPerClass:109 - Proccesing class http://phenomenontology.linkeddata.es/ontology/Ayuntamiento with geometry
2015-07-21 16:30:25 INFO  AveragePointsPerClass:89 - Proccesing class http://phenomenontology.linkeddata.es/ontology/Casa with list
2015-07-21 16:30:26 INFO  AveragePointsPerClass:109 - Proccesing class http://phenomenontology.linkeddata.es/ontology/Casa with geometry
2015-07-21 16:30:26 INFO  AveragePointsPerClass:89 - Proccesing class http://phenomenontology.linkeddata.es/ontology/Castillo with list
2015-07-21 16:30:26 INFO  AveragePointsPerClass:109 - Proccesing class http://phenomenontology.linkeddata.es/ontology/Castillo with geometry
2015-07-21 16:30:26 INFO  AveragePointsPerClass:89 - Proccesing class http://phenomenontology.linkeddata.es/ontology/Castro with list
2015-07-21 16:30:26 INFO  AveragePointsPerClass:109 - Proccesing class http://phenomenontology.linkeddata.es/ontology/Castro with geometry
2015-07-21 16:30:26 INFO  AveragePointsPerClass:89 - Proccesing class http://phenomenontology.linkeddata.es/ontology/Convento with list
2015-07-21 16:30:26 INFO  AveragePointsPerClass:109 - Proccesing class http://phenomenontology.linkeddata.es/ontology/Convento with geometry
2015-07-21 16:30:26 INFO  AveragePointsPerClass:89 - Proccesing class http://phenomenontology.linkeddata.es/ontology/Cueva with list
2015-07-21 16:30:26 INFO  AveragePointsPerClass:109 - Proccesing class http://phenomenontology.linkeddata.es/ontology/Cueva with geometry
2015-07-21 16:30:26 INFO  AveragePointsPerClass:89 - Proccesing class http://phenomenontology.linkeddata.es/ontology/Mirador with list
2015-07-21 16:30:26 INFO  AveragePointsPerClass:109 - Proccesing class http://phenomenontology.linkeddata.es/ontology/Mirador with geometry
2015-07-21 16:30:26 INFO  AveragePointsPerClass:89 - Proccesing class http://phenomenontology.linkeddata.es/ontology/Monasterio with list
2015-07-21 16:30:27 INFO  AveragePointsPerClass:109 - Proccesing class http://phenomenontology.linkeddata.es/ontology/Monasterio with geometry
2015-07-21 16:30:27 INFO  AveragePointsPerClass:89 - Proccesing class http://phenomenontology.linkeddata.es/ontology/Museo with list
2015-07-21 16:30:27 INFO  AveragePointsPerClass:109 - Proccesing class http://phenomenontology.linkeddata.es/ontology/Museo with geometry
2015-07-21 16:30:27 INFO  AveragePointsPerClass:89 - Proccesing class http://phenomenontology.linkeddata.es/ontology/Palacio with list
2015-07-21 16:30:27 INFO  AveragePointsPerClass:109 - Proccesing class http://phenomenontology.linkeddata.es/ontology/Palacio with geometry
2015-07-21 16:30:27 INFO  AveragePointsPerClass:89 - Proccesing class http://phenomenontology.linkeddata.es/ontology/Ruinas with list
2015-07-21 16:30:27 INFO  AveragePointsPerClass:109 - Proccesing class http://phenomenontology.linkeddata.es/ontology/Ruinas with geometry
2015-07-21 16:30:27 INFO  AveragePointsPerClass:89 - Proccesing class http://phenomenontology.linkeddata.es/ontology/Templo with list
2015-07-21 16:30:27 INFO  AveragePointsPerClass:109 - Proccesing class http://phenomenontology.linkeddata.es/ontology/Templo with geometry
2015-07-21 16:30:27 INFO  AveragePointsPerClass:89 - Proccesing class http://phenomenontology.linkeddata.es/ontology/Universidad with list
2015-07-21 16:30:27 INFO  AveragePointsPerClass:109 - Proccesing class http://phenomenontology.linkeddata.es/ontology/Universidad with geometry
2015-07-21 16:30:27 INFO  AveragePointsPerClass:89 - Proccesing class http://www.w3.org/ns/prov#Organization with list
2015-07-21 16:30:27 INFO  AveragePointsPerClass:109 - Proccesing class http://www.w3.org/ns/prov#Organization with geometry
2015-07-21 16:30:27 INFO  AveragePointsPerClass:89 - Proccesing class http://www.w3.org/ns/prov#Agent with list
2015-07-21 16:30:27 INFO  AveragePointsPerClass:109 - Proccesing class http://www.w3.org/ns/prov#Agent with geometry
2015-07-21 16:30:27 INFO  AveragePointsPerClass:89 - Proccesing class http://www.opengis.net/ont/gml#Point with list
2015-07-21 16:30:27 INFO  AveragePointsPerClass:109 - Proccesing class http://www.opengis.net/ont/gml#Point with geometry
2015-07-21 16:30:28 INFO  AveragePointsPerClass:89 - Proccesing class http://www.opengis.net/ont/sf#Point with list
2015-07-21 16:30:28 INFO  AveragePointsPerClass:109 - Proccesing class http://www.opengis.net/ont/sf#Point with geometry
2015-07-21 16:30:28 INFO  AveragePointsPerClass:89 - Proccesing class http://phenomenontology.linkeddata.es/ontology/Alcazaba with list
2015-07-21 16:30:28 INFO  AveragePointsPerClass:109 - Proccesing class http://phenomenontology.linkeddata.es/ontology/Alcazaba with geometry
2015-07-21 16:30:28 INFO  AveragePointsPerClass:89 - Proccesing class http://phenomenontology.linkeddata.es/ontology/Anfiteatro with list
2015-07-21 16:30:28 INFO  AveragePointsPerClass:109 - Proccesing class http://phenomenontology.linkeddata.es/ontology/Anfiteatro with geometry
2015-07-21 16:30:28 INFO  AveragePointsPerClass:89 - Proccesing class http://phenomenontology.linkeddata.es/ontology/Biblioteca with list
2015-07-21 16:30:28 INFO  AveragePointsPerClass:109 - Proccesing class http://phenomenontology.linkeddata.es/ontology/Biblioteca with geometry
2015-07-21 16:30:28 INFO  AveragePointsPerClass:89 - Proccesing class http://phenomenontology.linkeddata.es/ontology/Colegiata with list
2015-07-21 16:30:28 INFO  AveragePointsPerClass:109 - Proccesing class http://phenomenontology.linkeddata.es/ontology/Colegiata with geometry
2015-07-21 16:30:28 INFO  AveragePointsPerClass:89 - Proccesing class http://phenomenontology.linkeddata.es/ontology/Conjunto_hist%C3%B3rico with list
2015-07-21 16:30:28 INFO  AveragePointsPerClass:109 - Proccesing class http://phenomenontology.linkeddata.es/ontology/Conjunto_hist%C3%B3rico with geometry
2015-07-21 16:30:28 INFO  AveragePointsPerClass:89 - Proccesing class http://phenomenontology.linkeddata.es/ontology/Fortaleza with list
2015-07-21 16:30:28 INFO  AveragePointsPerClass:109 - Proccesing class http://phenomenontology.linkeddata.es/ontology/Fortaleza with geometry
2015-07-21 16:30:28 INFO  AveragePointsPerClass:89 - Proccesing class http://phenomenontology.linkeddata.es/ontology/Fuerte with list
2015-07-21 16:30:28 INFO  AveragePointsPerClass:109 - Proccesing class http://phenomenontology.linkeddata.es/ontology/Fuerte with geometry
2015-07-21 16:30:28 INFO  AveragePointsPerClass:89 - Proccesing class http://phenomenontology.linkeddata.es/ontology/Granja with list
2015-07-21 16:30:28 INFO  AveragePointsPerClass:109 - Proccesing class http://phenomenontology.linkeddata.es/ontology/Granja with geometry
2015-07-21 16:30:29 INFO  AveragePointsPerClass:89 - Proccesing class http://phenomenontology.linkeddata.es/ontology/Mercado with list
2015-07-21 16:30:29 INFO  AveragePointsPerClass:109 - Proccesing class http://phenomenontology.linkeddata.es/ontology/Mercado with geometry
2015-07-21 16:30:29 INFO  AveragePointsPerClass:89 - Proccesing class http://phenomenontology.linkeddata.es/ontology/Mina with list
2015-07-21 16:30:29 INFO  AveragePointsPerClass:109 - Proccesing class http://phenomenontology.linkeddata.es/ontology/Mina with geometry
2015-07-21 16:30:29 INFO  AveragePointsPerClass:89 - Proccesing class http://phenomenontology.linkeddata.es/ontology/Restos_arqueol%C3%B3gicos with list
2015-07-21 16:30:29 INFO  AveragePointsPerClass:109 - Proccesing class http://phenomenontology.linkeddata.es/ontology/Restos_arqueol%C3%B3gicos with geometry
2015-07-21 16:30:29 INFO  AveragePointsPerClass:89 - Proccesing class http://phenomenontology.linkeddata.es/ontology/Teatro with list
2015-07-21 16:30:29 INFO  AveragePointsPerClass:109 - Proccesing class http://phenomenontology.linkeddata.es/ontology/Teatro with geometry
2015-07-21 16:30:29 INFO  AveragePointsPerClass:89 - Proccesing class http://phenomenontology.linkeddata.es/ontology/Acueducto with list
2015-07-21 16:30:29 INFO  AveragePointsPerClass:109 - Proccesing class http://phenomenontology.linkeddata.es/ontology/Acueducto with geometry
2015-07-21 16:30:29 INFO  AveragePointsPerClass:89 - Proccesing class http://phenomenontology.linkeddata.es/ontology/Auditorio with list
2015-07-21 16:30:29 INFO  AveragePointsPerClass:109 - Proccesing class http://phenomenontology.linkeddata.es/ontology/Auditorio with geometry
2015-07-21 16:30:29 INFO  AveragePointsPerClass:89 - Proccesing class http://phenomenontology.linkeddata.es/ontology/Bas%C3%ADlica with list
2015-07-21 16:30:29 INFO  AveragePointsPerClass:109 - Proccesing class http://phenomenontology.linkeddata.es/ontology/Bas%C3%ADlica with geometry
2015-07-21 16:30:29 INFO  AveragePointsPerClass:89 - Proccesing class http://phenomenontology.linkeddata.es/ontology/Cartuja with list
2015-07-21 16:30:29 INFO  AveragePointsPerClass:109 - Proccesing class http://phenomenontology.linkeddata.es/ontology/Cartuja with geometry
2015-07-21 16:30:29 INFO  AveragePointsPerClass:89 - Proccesing class http://phenomenontology.linkeddata.es/ontology/Cortijo with list
2015-07-21 16:30:30 INFO  AveragePointsPerClass:109 - Proccesing class http://phenomenontology.linkeddata.es/ontology/Cortijo with geometry
2015-07-21 16:30:30 INFO  AveragePointsPerClass:89 - Proccesing class http://phenomenontology.linkeddata.es/ontology/F%C3%A1brica with list
2015-07-21 16:30:30 INFO  AveragePointsPerClass:109 - Proccesing class http://phenomenontology.linkeddata.es/ontology/F%C3%A1brica with geometry
2015-07-21 16:30:30 INFO  AveragePointsPerClass:89 - Proccesing class http://phenomenontology.linkeddata.es/ontology/Mezquita with list
2015-07-21 16:30:30 INFO  AveragePointsPerClass:109 - Proccesing class http://phenomenontology.linkeddata.es/ontology/Mezquita with geometry
2015-07-21 16:30:30 INFO  AveragePointsPerClass:89 - Proccesing class http://phenomenontology.linkeddata.es/ontology/Puente with list
2015-07-21 16:30:30 INFO  AveragePointsPerClass:109 - Proccesing class http://phenomenontology.linkeddata.es/ontology/Puente with geometry
2015-07-21 16:30:30 INFO  AveragePointsPerClass:89 - Proccesing class http://phenomenontology.linkeddata.es/ontology/Termas with list
2015-07-21 16:30:30 INFO  AveragePointsPerClass:109 - Proccesing class http://phenomenontology.linkeddata.es/ontology/Termas with geometry
2015-07-21 16:30:30 INFO  AveragePointsPerClass:89 - Proccesing class http://phenomenontology.linkeddata.es/ontology/Villa with list
2015-07-21 16:30:30 INFO  AveragePointsPerClass:109 - Proccesing class http://phenomenontology.linkeddata.es/ontology/Villa with geometry
2015-07-22 09:22:08 INFO  AveragePointsPerClass:89 - Proccesing class http://www.w3.org/2000/01/rdf-schema#Class with list
2015-07-22 09:22:09 INFO  AveragePointsPerClass:109 - Proccesing class http://www.w3.org/2000/01/rdf-schema#Class with geometry
2015-07-22 09:22:09 INFO  AveragePointsPerClass:89 - Proccesing class http://www.w3.org/1999/02/22-rdf-syntax-ns#Property with list
2015-07-22 09:22:09 INFO  AveragePointsPerClass:109 - Proccesing class http://www.w3.org/1999/02/22-rdf-syntax-ns#Property with geometry
2015-07-22 09:22:09 INFO  AveragePointsPerClass:89 - Proccesing class http://www.w3.org/2000/01/rdf-schema#Datatype with list
2015-07-22 09:22:09 INFO  AveragePointsPerClass:109 - Proccesing class http://www.w3.org/2000/01/rdf-schema#Datatype with geometry
2015-07-22 09:22:09 INFO  AveragePointsPerClass:89 - Proccesing class http://www.w3.org/1999/02/22-rdf-syntax-ns#List with list
2015-07-22 09:22:10 INFO  AveragePointsPerClass:109 - Proccesing class http://www.w3.org/1999/02/22-rdf-syntax-ns#List with geometry
2015-07-22 09:22:10 INFO  AveragePointsPerClass:89 - Proccesing class http://geovocab.org/geometry#Polygon with list
2015-07-22 09:22:10 INFO  AveragePointsPerClass:109 - Proccesing class http://geovocab.org/geometry#Polygon with geometry
2015-07-22 09:22:10 INFO  AveragePointsPerClass:89 - Proccesing class http://geovocab.org/geometry#LinearRing with list
2015-07-22 09:22:10 INFO  AveragePointsPerClass:109 - Proccesing class http://geovocab.org/geometry#LinearRing with geometry
2015-07-22 09:22:10 INFO  AveragePointsPerClass:89 - Proccesing class http://rdfdata.eionet.europa.eu/ramon/ontology/NUTSRegion with list
2015-07-22 09:22:10 INFO  AveragePointsPerClass:109 - Proccesing class http://rdfdata.eionet.europa.eu/ramon/ontology/NUTSRegion with geometry
2015-07-22 09:22:10 INFO  AveragePointsPerClass:89 - Proccesing class http://geovocab.org/geometry#MultiPolygon with list
2015-07-22 09:22:10 INFO  AveragePointsPerClass:109 - Proccesing class http://geovocab.org/geometry#MultiPolygon with geometry
2015-07-22 09:22:10 INFO  AveragePointsPerClass:89 - Proccesing class http://www.w3.org/2000/01/rdf-schema#Resource with list
2015-07-22 09:22:10 INFO  AveragePointsPerClass:109 - Proccesing class http://www.w3.org/2000/01/rdf-schema#Resource with geometry
2015-07-22 09:29:54 INFO  AveragePointsPerClass:89 - Proccesing class http://www.w3.org/2000/01/rdf-schema#Class with list
2015-07-22 09:29:56 INFO  AveragePointsPerClass:109 - Proccesing class http://www.w3.org/2000/01/rdf-schema#Class with geometry
2015-07-22 09:29:56 INFO  AveragePointsPerClass:89 - Proccesing class http://www.w3.org/1999/02/22-rdf-syntax-ns#Property with list
2015-07-22 09:29:56 INFO  AveragePointsPerClass:109 - Proccesing class http://www.w3.org/1999/02/22-rdf-syntax-ns#Property with geometry
2015-07-22 09:29:56 INFO  AveragePointsPerClass:89 - Proccesing class http://www.w3.org/2000/01/rdf-schema#Datatype with list
2015-07-22 09:29:56 INFO  AveragePointsPerClass:109 - Proccesing class http://www.w3.org/2000/01/rdf-schema#Datatype with geometry
2015-07-22 09:29:56 INFO  AveragePointsPerClass:89 - Proccesing class http://www.w3.org/1999/02/22-rdf-syntax-ns#List with list
2015-07-22 09:29:56 INFO  AveragePointsPerClass:109 - Proccesing class http://www.w3.org/1999/02/22-rdf-syntax-ns#List with geometry
2015-07-22 09:29:56 INFO  AveragePointsPerClass:89 - Proccesing class http://geovocab.org/geometry#Polygon with list
2015-07-22 09:29:56 INFO  AveragePointsPerClass:109 - Proccesing class http://geovocab.org/geometry#Polygon with geometry
2015-07-22 09:29:56 INFO  AveragePointsPerClass:89 - Proccesing class http://geovocab.org/geometry#LinearRing with list
2015-07-22 09:29:56 INFO  AveragePointsPerClass:109 - Proccesing class http://geovocab.org/geometry#LinearRing with geometry
2015-07-22 09:29:56 INFO  AveragePointsPerClass:89 - Proccesing class http://rdfdata.eionet.europa.eu/ramon/ontology/NUTSRegion with list
2015-07-22 09:29:56 INFO  AveragePointsPerClass:109 - Proccesing class http://rdfdata.eionet.europa.eu/ramon/ontology/NUTSRegion with geometry
2015-07-22 09:29:56 INFO  AveragePointsPerClass:89 - Proccesing class http://geovocab.org/geometry#MultiPolygon with list
2015-07-22 09:29:56 INFO  AveragePointsPerClass:109 - Proccesing class http://geovocab.org/geometry#MultiPolygon with geometry
2015-07-22 09:29:56 INFO  AveragePointsPerClass:89 - Proccesing class http://www.w3.org/2000/01/rdf-schema#Resource with list
2015-07-22 09:29:57 INFO  AveragePointsPerClass:109 - Proccesing class http://www.w3.org/2000/01/rdf-schema#Resource with geometry
2015-07-22 09:39:30 INFO  AveragePointsPerClass:89 - Proccesing class http://www.w3.org/2000/01/rdf-schema#Class with list
2015-07-22 09:39:31 INFO  AveragePointsPerClass:109 - Proccesing class http://www.w3.org/2000/01/rdf-schema#Class with geometry
2015-07-22 09:39:31 INFO  AveragePointsPerClass:89 - Proccesing class http://www.w3.org/1999/02/22-rdf-syntax-ns#Property with list
2015-07-22 09:39:31 INFO  AveragePointsPerClass:109 - Proccesing class http://www.w3.org/1999/02/22-rdf-syntax-ns#Property with geometry
2015-07-22 09:39:31 INFO  AveragePointsPerClass:89 - Proccesing class http://www.w3.org/2000/01/rdf-schema#Datatype with list
2015-07-22 09:39:31 INFO  AveragePointsPerClass:109 - Proccesing class http://www.w3.org/2000/01/rdf-schema#Datatype with geometry
2015-07-22 09:39:31 INFO  AveragePointsPerClass:89 - Proccesing class http://www.w3.org/1999/02/22-rdf-syntax-ns#List with list
2015-07-22 09:39:31 INFO  AveragePointsPerClass:109 - Proccesing class http://www.w3.org/1999/02/22-rdf-syntax-ns#List with geometry
2015-07-22 09:39:31 INFO  AveragePointsPerClass:89 - Proccesing class http://geovocab.org/geometry#LinearRing with list
2015-07-22 09:39:31 INFO  AveragePointsPerClass:109 - Proccesing class http://geovocab.org/geometry#LinearRing with geometry
2015-07-22 09:39:31 INFO  AveragePointsPerClass:89 - Proccesing class http://geovocab.org/geometry#Polygon with list
2015-07-22 09:39:31 INFO  AveragePointsPerClass:109 - Proccesing class http://geovocab.org/geometry#Polygon with geometry
2015-07-22 09:39:31 INFO  AveragePointsPerClass:89 - Proccesing class http://rdfdata.eionet.europa.eu/ramon/ontology/NUTSRegion with list
2015-07-22 09:39:31 INFO  AveragePointsPerClass:109 - Proccesing class http://rdfdata.eionet.europa.eu/ramon/ontology/NUTSRegion with geometry
2015-07-22 09:39:31 INFO  AveragePointsPerClass:89 - Proccesing class http://geovocab.org/geometry#MultiPolygon with list
2015-07-22 09:39:31 INFO  AveragePointsPerClass:109 - Proccesing class http://geovocab.org/geometry#MultiPolygon with geometry
2015-07-22 09:39:32 INFO  AveragePointsPerClass:89 - Proccesing class http://www.w3.org/2000/01/rdf-schema#Resource with list
2015-07-22 09:39:32 INFO  AveragePointsPerClass:109 - Proccesing class http://www.w3.org/2000/01/rdf-schema#Resource with geometry
